0 info it worked if it ends with ok
1 verbose cli [ '/usr/local/bin/node',
1 verbose cli   '/usr/local/bin/npm',
1 verbose cli   'install',
1 verbose cli   '--safe',
1 verbose cli   'meteor',
1 verbose cli   'add',
1 verbose cli   'aldeed:autoform' ]
2 info using npm@3.10.3
3 info using node@v6.5.0
4 silly loadCurrentTree Starting
5 silly install loadCurrentTree
6 silly install readLocalPackageData
7 silly fetchPackageMetaData meteor
8 silly fetchPackageMetaData add
9 silly fetchPackageMetaData aldeed:autoform
10 silly fetchPackageMetaData Error: Unsupported URL Type: aldeed:autoform
10 silly fetchPackageMetaData     at parseUrl (/usr/local/lib/node_modules/npm/node_modules/npm-package-arg/npa.js:186:13)
10 silly fetchPackageMetaData     at npa (/usr/local/lib/node_modules/npm/node_modules/npm-package-arg/npa.js:79:12)
10 silly fetchPackageMetaData     at module.exports (/usr/local/lib/node_modules/npm/node_modules/realize-package-specifier/index.js:12:15)
10 silly fetchPackageMetaData     at fetchPackageMetadata (/usr/local/lib/node_modules/npm/lib/fetch-package-metadata.js:54:12)
10 silly fetchPackageMetaData     at /usr/local/lib/node_modules/npm/lib/install/deps.js:234:5
10 silly fetchPackageMetaData     at /usr/local/lib/node_modules/npm/node_modules/slide/lib/async-map.js:52:35
10 silly fetchPackageMetaData     at Array.forEach (native)
10 silly fetchPackageMetaData     at /usr/local/lib/node_modules/npm/node_modules/slide/lib/async-map.js:52:11
10 silly fetchPackageMetaData     at Array.forEach (native)
10 silly fetchPackageMetaData     at asyncMap (/usr/local/lib/node_modules/npm/node_modules/slide/lib/async-map.js:51:8)
10 silly fetchPackageMetaData  error for aldeed:autoform Error: Unsupported URL Type: aldeed:autoform
10 silly fetchPackageMetaData     at parseUrl (/usr/local/lib/node_modules/npm/node_modules/npm-package-arg/npa.js:186:13)
10 silly fetchPackageMetaData     at npa (/usr/local/lib/node_modules/npm/node_modules/npm-package-arg/npa.js:79:12)
10 silly fetchPackageMetaData     at module.exports (/usr/local/lib/node_modules/npm/node_modules/realize-package-specifier/index.js:12:15)
10 silly fetchPackageMetaData     at fetchPackageMetadata (/usr/local/lib/node_modules/npm/lib/fetch-package-metadata.js:54:12)
10 silly fetchPackageMetaData     at /usr/local/lib/node_modules/npm/lib/install/deps.js:234:5
10 silly fetchPackageMetaData     at /usr/local/lib/node_modules/npm/node_modules/slide/lib/async-map.js:52:35
10 silly fetchPackageMetaData     at Array.forEach (native)
10 silly fetchPackageMetaData     at /usr/local/lib/node_modules/npm/node_modules/slide/lib/async-map.js:52:11
10 silly fetchPackageMetaData     at Array.forEach (native)
10 silly fetchPackageMetaData     at asyncMap (/usr/local/lib/node_modules/npm/node_modules/slide/lib/async-map.js:51:8)
11 silly fetchNamedPackageData meteor
12 silly mapToRegistry name meteor
13 silly mapToRegistry using default registry
14 silly mapToRegistry registry https://registry.npmjs.org/
15 silly mapToRegistry data Result {
15 silly mapToRegistry   raw: 'meteor',
15 silly mapToRegistry   scope: null,
15 silly mapToRegistry   escapedName: 'meteor',
15 silly mapToRegistry   name: 'meteor',
15 silly mapToRegistry   rawSpec: '',
15 silly mapToRegistry   spec: 'latest',
15 silly mapToRegistry   type: 'tag' }
16 silly mapToRegistry uri https://registry.npmjs.org/meteor
17 silly fetchNamedPackageData add
18 silly mapToRegistry name add
19 silly mapToRegistry using default registry
20 silly mapToRegistry registry https://registry.npmjs.org/
21 silly mapToRegistry data Result {
21 silly mapToRegistry   raw: 'add',
21 silly mapToRegistry   scope: null,
21 silly mapToRegistry   escapedName: 'add',
21 silly mapToRegistry   name: 'add',
21 silly mapToRegistry   rawSpec: '',
21 silly mapToRegistry   spec: 'latest',
21 silly mapToRegistry   type: 'tag' }
22 silly mapToRegistry uri https://registry.npmjs.org/add
23 verbose request uri https://registry.npmjs.org/add
24 verbose request no auth needed
25 info attempt registry request try #1 at 15:45:01
26 verbose request id e212e87286e2a2d9
27 http request GET https://registry.npmjs.org/add
28 verbose request uri https://registry.npmjs.org/meteor
29 verbose request no auth needed
30 info attempt registry request try #1 at 15:45:01
31 verbose etag "ERAWJ7UKKUW7S2KPHLAGZJPY9"
32 http request GET https://registry.npmjs.org/meteor
33 http 304 https://registry.npmjs.org/meteor
34 verbose headers { date: 'Mon, 19 Sep 2016 13:45:01 GMT',
34 verbose headers   via: '1.1 varnish',
34 verbose headers   'cache-control': 'max-age=300',
34 verbose headers   etag: '"ERAWJ7UKKUW7S2KPHLAGZJPY9"',
34 verbose headers   age: '0',
34 verbose headers   connection: 'keep-alive',
34 verbose headers   'x-served-by': 'cache-bma7025-BMA',
34 verbose headers   'x-cache': 'MISS',
34 verbose headers   'x-cache-hits': '0',
34 verbose headers   'x-timer': 'S1474292701.873813,VS0,VE185',
34 verbose headers   vary: 'Accept-Encoding' }
35 silly get cb [ 304,
35 silly get   { date: 'Mon, 19 Sep 2016 13:45:01 GMT',
35 silly get     via: '1.1 varnish',
35 silly get     'cache-control': 'max-age=300',
35 silly get     etag: '"ERAWJ7UKKUW7S2KPHLAGZJPY9"',
35 silly get     age: '0',
35 silly get     connection: 'keep-alive',
35 silly get     'x-served-by': 'cache-bma7025-BMA',
35 silly get     'x-cache': 'MISS',
35 silly get     'x-cache-hits': '0',
35 silly get     'x-timer': 'S1474292701.873813,VS0,VE185',
35 silly get     vary: 'Accept-Encoding' } ]
36 verbose etag https://registry.npmjs.org/meteor from cache
37 verbose get saving meteor to /Users/pixtur/.npm/registry.npmjs.org/meteor/.cache.json
38 verbose correctMkdir /Users/pixtur/.npm correctMkdir not in flight; initializing
39 http 200 https://registry.npmjs.org/add
40 verbose headers { server: 'CouchDB/1.5.0 (Erlang OTP/R16B03)',
40 verbose headers   etag: '"6L0ATKRK62R1BGT51Z77BI172"',
40 verbose headers   'content-type': 'application/json',
40 verbose headers   'content-encoding': 'gzip',
40 verbose headers   'cache-control': 'max-age=300',
40 verbose headers   'content-length': '2837',
40 verbose headers   'accept-ranges': 'bytes',
40 verbose headers   date: 'Mon, 19 Sep 2016 13:45:02 GMT',
40 verbose headers   via: '1.1 varnish',
40 verbose headers   age: '0',
40 verbose headers   connection: 'keep-alive',
40 verbose headers   'x-served-by': 'cache-bma7029-BMA',
40 verbose headers   'x-cache': 'MISS',
40 verbose headers   'x-cache-hits': '0',
40 verbose headers   'x-timer': 'S1474292701.867788,VS0,VE224',
40 verbose headers   vary: 'Accept-Encoding' }
41 silly get cb [ 200,
41 silly get   { server: 'CouchDB/1.5.0 (Erlang OTP/R16B03)',
41 silly get     etag: '"6L0ATKRK62R1BGT51Z77BI172"',
41 silly get     'content-type': 'application/json',
41 silly get     'content-encoding': 'gzip',
41 silly get     'cache-control': 'max-age=300',
41 silly get     'content-length': '2837',
41 silly get     'accept-ranges': 'bytes',
41 silly get     date: 'Mon, 19 Sep 2016 13:45:02 GMT',
41 silly get     via: '1.1 varnish',
41 silly get     age: '0',
41 silly get     connection: 'keep-alive',
41 silly get     'x-served-by': 'cache-bma7029-BMA',
41 silly get     'x-cache': 'MISS',
41 silly get     'x-cache-hits': '0',
41 silly get     'x-timer': 'S1474292701.867788,VS0,VE224',
41 silly get     vary: 'Accept-Encoding' } ]
42 verbose get saving add to /Users/pixtur/.npm/registry.npmjs.org/add/.cache.json
43 verbose correctMkdir /Users/pixtur/.npm correctMkdir not in flight; initializing
44 silly rollbackFailedOptional Starting
45 silly rollbackFailedOptional Finishing
46 silly runTopLevelLifecycles Starting
47 silly runTopLevelLifecycles Finishing
48 silly install printInstalled
49 verbose stack Error: Unsupported URL Type: aldeed:autoform
49 verbose stack     at parseUrl (/usr/local/lib/node_modules/npm/node_modules/npm-package-arg/npa.js:186:13)
49 verbose stack     at npa (/usr/local/lib/node_modules/npm/node_modules/npm-package-arg/npa.js:79:12)
49 verbose stack     at module.exports (/usr/local/lib/node_modules/npm/node_modules/realize-package-specifier/index.js:12:15)
49 verbose stack     at fetchPackageMetadata (/usr/local/lib/node_modules/npm/lib/fetch-package-metadata.js:54:12)
49 verbose stack     at /usr/local/lib/node_modules/npm/lib/install/deps.js:234:5
49 verbose stack     at /usr/local/lib/node_modules/npm/node_modules/slide/lib/async-map.js:52:35
49 verbose stack     at Array.forEach (native)
49 verbose stack     at /usr/local/lib/node_modules/npm/node_modules/slide/lib/async-map.js:52:11
49 verbose stack     at Array.forEach (native)
49 verbose stack     at asyncMap (/usr/local/lib/node_modules/npm/node_modules/slide/lib/async-map.js:51:8)
50 verbose cwd /Users/pixtur/coding/sozialhelden/ac-machine/web-ui
51 error Darwin 15.5.0
52 error argv "/usr/local/bin/node" "/usr/local/bin/npm" "install" "--safe" "meteor" "add" "aldeed:autoform"
53 error node v6.5.0
54 error npm  v3.10.3
55 error Unsupported URL Type: aldeed:autoform
56 error If you need help, you may report this error at:
56 error     <https://github.com/npm/npm/issues>
57 verbose exit [ 1, true ]
